# JRE version: OpenJDK Runtime Environment Temurin-23.0.1+11 (23.0.1+11) (build 23.0.1+11)
# Java VM: OpenJDK 64-Bit Server VM Temurin-23.0.1+11 (23.0.1+11, mixed mode, emulated-client, sharing, tiered, compressed oops, compressed class ptrs, g1 gc, windows-amd64)
GC Precious Log:
 CardTable entry size: 512
 Card Set container configuration: InlinePtr #cards 4 size 8 Array Of Cards #cards 16 size 48 Howl #buckets 8 coarsen threshold 3686 Howl Bitmap #cards 512 size 80 coarsen threshold 460 Card regions per heap region 1 cards per card region 4096
 CPUs: 6 total, 6 available
 Memory: 16330M
 Large Page Support: Disabled
 NUMA Support: Disabled
 Compressed Oops: Enabled (Zero based)
 Heap Region Size: 2M
 Heap Min Capacity: 8M
 Heap Initial Capacity: 256M
 Heap Max Capacity: 4084M
 Pre-touch: Disabled
 Parallel Workers: 6
 Concurrent Workers: 2
 Concurrent Refinement Workers: 6
 Periodic GC: Disabled
Heap:
 garbage-first heap   total reserved 4182016K, committed 75776K, used 42811K [0x0000000700c00000, 0x0000000800000000)
  region size 2048K, 9 young (18432K), 2 survivors (4096K)
 Metaspace       used 74005K, committed 74752K, reserved 1114112K
  class space    used 10537K, committed 10880K, reserved 1048576K
GC Heap History (20 events):
Event: 352.016 GC heap before
{Heap before GC invocations=36 (full 3):
 garbage-first heap   total reserved 4182016K, committed 75776K, used 36904K [0x0000000700c00000, 0x0000000800000000)
  region size 2048K, 5 young (10240K), 1 survivors (2048K)
 Metaspace       used 72439K, committed 73280K, reserved 1114112K
  class space    used 10360K, committed 10752K, reserved 1048576K
}
Event: 352.061 GC heap after
{Heap after GC invocations=37 (full 4):
 garbage-first heap   total reserved 4182016K, committed 75776K, used 24126K [0x0000000700c00000, 0x0000000800000000)
  region size 2048K, 0 young (0K), 0 survivors (0K)
 Metaspace       used 72429K, committed 73280K, reserved 1114112K
  class space    used 10357K, committed 10752K, reserved 1048576K
}
Event: 352.467 GC heap before
{Heap before GC invocations=37 (full 4):
 garbage-first heap   total reserved 4182016K, committed 75776K, used 65086K [0x0000000700c00000, 0x0000000800000000)
  region size 2048K, 21 young (43008K), 0 survivors (0K)
 Metaspace       used 72564K, committed 73344K, reserved 1114112K
  class space    used 10389K, committed 10752K, reserved 1048576K
}
Event: 352.470 GC heap after
{Heap after GC invocations=38 (full 4):
 garbage-first heap   total reserved 4182016K, committed 75776K, used 28918K [0x0000000700c00000, 0x0000000800000000)
  region size 2048K, 3 young (6144K), 3 survivors (6144K)
 Metaspace       used 72564K, committed 73344K, reserved 1114112K
  class space    used 10389K, committed 10752K, reserved 1048576K
}
Event: 390.310 GC heap before
{Heap before GC invocations=38 (full 4):
 garbage-first heap   total reserved 4182016K, committed 75776K, used 59638K [0x0000000700c00000, 0x0000000800000000)
  region size 2048K, 18 young (36864K), 3 survivors (6144K)
 Metaspace       used 72875K, committed 73600K, reserved 1114112K
  class space    used 10438K, committed 10752K, reserved 1048576K
}
Event: 390.314 GC heap after
{Heap after GC invocations=39 (full 4):
 garbage-first heap   total reserved 4182016K, committed 75776K, used 32109K [0x0000000700c00000, 0x0000000800000000)
  region size 2048K, 3 young (6144K), 3 survivors (6144K)
 Metaspace       used 72875K, committed 73600K, reserved 1114112K
  class space    used 10438K, committed 10752K, reserved 1048576K
}
Event: 423.704 GC heap before
{Heap before GC invocations=39 (full 4):
 garbage-first heap   total reserved 4182016K, committed 75776K, used 36205K [0x0000000700c00000, 0x0000000800000000)
  region size 2048K, 6 young (12288K), 3 survivors (6144K)
 Metaspace       used 73009K, committed 73856K, reserved 1114112K
  class space    used 10461K, committed 10816K, reserved 1048576K
}
Event: 423.747 GC heap after
{Heap after GC invocations=40 (full 5):
 garbage-first heap   total reserved 4182016K, committed 75776K, used 26935K [0x0000000700c00000, 0x0000000800000000)
  region size 2048K, 0 young (0K), 0 survivors (0K)
 Metaspace       used 72886K, committed 73856K, reserved 1114112K
  class space    used 10428K, committed 10816K, reserved 1048576K
}
Event: 424.440 GC heap before
{Heap before GC invocations=40 (full 5):
 garbage-first heap   total reserved 4182016K, committed 75776K, used 63799K [0x0000000700c00000, 0x0000000800000000)
  region size 2048K, 18 young (36864K), 0 survivors (0K)
 Metaspace       used 72928K, committed 73856K, reserved 1114112K
  class space    used 10434K, committed 10816K, reserved 1048576K
}
Event: 424.442 GC heap after
{Heap after GC invocations=41 (full 5):
 garbage-first heap   total reserved 4182016K, committed 75776K, used 30302K [0x0000000700c00000, 0x0000000800000000)
  region size 2048K, 2 young (4096K), 2 survivors (4096K)
 Metaspace       used 72928K, committed 73856K, reserved 1114112K
  class space    used 10434K, committed 10816K, reserved 1048576K
}
Event: 589.012 GC heap before
{Heap before GC invocations=41 (full 5):
 garbage-first heap   total reserved 4182016K, committed 75776K, used 58974K [0x0000000700c00000, 0x0000000800000000)
  region size 2048K, 18 young (36864K), 2 survivors (4096K)
 Metaspace       used 73177K, committed 73920K, reserved 1114112K
  class space    used 10456K, committed 10816K, reserved 1048576K
}
Event: 589.053 GC heap after
{Heap after GC invocations=42 (full 6):
 garbage-first heap   total reserved 4182016K, committed 75776K, used 27227K [0x0000000700c00000, 0x0000000800000000)
  region size 2048K, 0 young (0K), 0 survivors (0K)
 Metaspace       used 73072K, committed 73920K, reserved 1114112K
  class space    used 10427K, committed 10816K, reserved 1048576K
}
Event: 589.660 GC heap before
{Heap before GC invocations=42 (full 6):
 garbage-first heap   total reserved 4182016K, committed 75776K, used 64091K [0x0000000700c00000, 0x0000000800000000)
  region size 2048K, 18 young (36864K), 0 survivors (0K)
 Metaspace       used 73112K, committed 73920K, reserved 1114112K
  class space    used 10433K, committed 10816K, reserved 1048576K
}
Event: 589.662 GC heap after
{Heap after GC invocations=43 (full 6):
 garbage-first heap   total reserved 4182016K, committed 75776K, used 30545K [0x0000000700c00000, 0x0000000800000000)
  region size 2048K, 2 young (4096K), 2 survivors (4096K)
 Metaspace       used 73112K, committed 73920K, reserved 1114112K
  class space    used 10433K, committed 10816K, reserved 1048576K
}
Event: 612.656 GC heap before
{Heap before GC invocations=43 (full 6):
 garbage-first heap   total reserved 4182016K, committed 75776K, used 63313K [0x0000000700c00000, 0x0000000800000000)
  region size 2048K, 18 young (36864K), 2 survivors (4096K)
 Metaspace       used 73565K, committed 74368K, reserved 1114112K
  class space    used 10489K, committed 10880K, reserved 1048576K
}
Event: 612.660 GC heap after
{Heap after GC invocations=44 (full 6):
 garbage-first heap   total reserved 4182016K, committed 75776K, used 32330K [0x0000000700c00000, 0x0000000800000000)
  region size 2048K, 3 young (6144K), 3 survivors (6144K)
 Metaspace       used 73565K, committed 74368K, reserved 1114112K
  class space    used 10489K, committed 10880K, reserved 1048576K
}
Event: 1503.134 GC heap before
{Heap before GC invocations=44 (full 6):
 garbage-first heap   total reserved 4182016K, committed 75776K, used 46666K [0x0000000700c00000, 0x0000000800000000)
  region size 2048K, 11 young (22528K), 3 survivors (6144K)
 Metaspace       used 73789K, committed 74560K, reserved 1114112K
  class space    used 10527K, committed 10880K, reserved 1048576K
}
Event: 1503.173 GC heap after
{Heap after GC invocations=45 (full 7):
 garbage-first heap   total reserved 4182016K, committed 75776K, used 27304K [0x0000000700c00000, 0x0000000800000000)
  region size 2048K, 0 young (0K), 0 survivors (0K)
 Metaspace       used 73762K, committed 74560K, reserved 1114112K
  class space    used 10519K, committed 10880K, reserved 1048576K
}
Event: 1503.538 GC heap before
{Heap before GC invocations=45 (full 7):
 garbage-first heap   total reserved 4182016K, committed 75776K, used 64168K [0x0000000700c00000, 0x0000000800000000)
  region size 2048K, 18 young (36864K), 0 survivors (0K)
 Metaspace       used 73798K, committed 74560K, reserved 1114112K
  class space    used 10525K, committed 10880K, reserved 1048576K
}
Event: 1503.540 GC heap after
{Heap after GC invocations=46 (full 7):
 garbage-first heap   total reserved 4182016K, committed 75776K, used 30523K [0x0000000700c00000, 0x0000000800000000)
  region size 2048K, 2 young (4096K), 2 survivors (4096K)
 Metaspace       used 73798K, committed 74560K, reserved 1114112K
  class space    used 10525K, committed 10880K, reserved 1048576K
}

